<?xml version="1.0" encoding="UTF-8"?>
<!-- Generated by org.testng.reporters.JUnitXMLReporter -->
<testsuite ignored="12" hostname="garikipatij-linux1" failures="0" tests="5" name="Default test" time="3.537" errors="0" timestamp="2025-05-29T11:55:36 IST">
  <testcase classname="RestAssuredlearn_tc.diffpostreq" name="pojoclass" time="1.508"/>
  <testcase classname="restassured_paramters.parampetrs" name="testlog" time="0.804"/>
  <testcase classname="RestAssuredlearn_tc.demorest" name="test1" time="0.386"/>
  <testcase classname="RestAssuredlearn_tc.demorest" name="test2post" time="0.541"/>
  <testcase classname="RestAssuredlearn_tc.AppTest" name="getusers" time="0.268"/>
  <testcase classname="RestAssuredlearn_tc.diffpostreq" name="delete" time="0.0">
    <ignored/>
  </testcase> <!-- delete -->
  <testcase classname="restassured_paramters.parampetrs" name="getcookieinfo" time="0.0">
    <ignored/>
  </testcase> <!-- getcookieinfo -->
  <testcase classname="restassured_paramters.parampetrs" name="testcookie" time="0.0">
    <ignored/>
  </testcase> <!-- testcookie -->
  <testcase classname="restassured_paramters.parampetrs" name="testheader" time="0.0">
    <ignored/>
  </testcase> <!-- testheader -->
  <testcase classname="RestAssuredlearn_tc.diffpostreq" name="orgjson" time="0.0">
    <ignored/>
  </testcase> <!-- orgjson -->
  <testcase classname="RestAssuredlearn_tc.AppTest" name="upadteuser" time="0.0">
    <ignored/>
  </testcase> <!-- upadteuser -->
  <testcase classname="RestAssuredlearn_tc.diffpostreq" name="hashmap" time="0.0">
    <ignored/>
  </testcase> <!-- hashmap -->
  <testcase classname="RestAssuredlearn_tc.demorest" name="test2" time="0.0">
    <ignored/>
  </testcase> <!-- test2 -->
  <testcase classname="restassured_paramters.parampetrs" name="test1" time="0.0">
    <ignored/>
  </testcase> <!-- test1 -->
  <testcase classname="RestAssuredlearn_tc.AppTest" name="deleteuser" time="0.0">
    <ignored/>
  </testcase> <!-- deleteuser -->
  <testcase classname="RestAssuredlearn_tc.diffpostreq" name="extjasonfile" time="0.0">
    <ignored/>
  </testcase> <!-- extjasonfile -->
  <testcase classname="RestAssuredlearn_tc.AppTest" name="postuser" time="0.0">
    <ignored/>
  </testcase> <!-- postuser -->
</testsuite> <!-- Default test -->
