<?xml version="1.0" encoding="UTF-8"?>
<!-- Generated by org.testng.reporters.JUnitXMLReporter -->
<testsuite ignored="0" hostname="garikipatij-linux1" failures="0" tests="4" name="Test" time="5.08" errors="0" timestamp="2025-06-04T18:50:59 IST">
  <testcase classname="apichaining.createuser" name="create" time="2.2"/>
  <testcase classname="apichaining.get" name="getuser" time="1.05"/>
  <testcase classname="apichaining.update" name="modify" time="1.075"/>
  <testcase classname="apichaining.delete" name="getuser" time="0.725"/>
</testsuite> <!-- Test -->
