<?xml version="1.0" encoding="UTF-8"?>
<testng-results ignored="0" total="4" passed="4" failed="0" skipped="0">
  <reporter-output>
  </reporter-output>
  <suite started-at="2025-06-04T18:50:54 IST" name="Suite" finished-at="2025-06-04T18:50:59 IST" duration-ms="5080">
    <groups>
    </groups>
    <test started-at="2025-06-04T18:50:54 IST" name="Test" finished-at="2025-06-04T18:50:59 IST" duration-ms="5080">
      <class name="apichaining.createuser">
        <test-method signature="create(org.testng.ITestContext)[pri:0, instance:apichaining.createuser@3d74bf60]" started-at="2025-06-04T18:50:54 IST" name="create" finished-at="2025-06-04T18:50:56 IST" duration-ms="2200" status="PASS">
          <params>
            <param index="0">
              <value>
                <![CDATA[org.testng.TestRunner@b3ca52e]]>
              </value>
            </param>
          </params>
          <reporter-output>
          </reporter-output>
        </test-method> <!-- create -->
      </class> <!-- apichaining.createuser -->
      <class name="apichaining.delete">
        <test-method signature="getuser(org.testng.ITestContext)[pri:0, instance:apichaining.delete@1cbbffcd]" started-at="2025-06-04T18:50:58 IST" name="getuser" finished-at="2025-06-04T18:50:59 IST" duration-ms="725" status="PASS">
          <params>
            <param index="0">
              <value>
                <![CDATA[org.testng.TestRunner@b3ca52e]]>
              </value>
            </param>
          </params>
          <reporter-output>
          </reporter-output>
        </test-method> <!-- getuser -->
      </class> <!-- apichaining.delete -->
      <class name="apichaining.get">
        <test-method signature="getuser(org.testng.ITestContext)[pri:0, instance:apichaining.get@3daa422a]" started-at="2025-06-04T18:50:56 IST" name="getuser" finished-at="2025-06-04T18:50:57 IST" duration-ms="1050" status="PASS">
          <params>
            <param index="0">
              <value>
                <![CDATA[org.testng.TestRunner@b3ca52e]]>
              </value>
            </param>
          </params>
          <reporter-output>
          </reporter-output>
        </test-method> <!-- getuser -->
      </class> <!-- apichaining.get -->
      <class name="apichaining.update">
        <test-method signature="modify(org.testng.ITestContext)[pri:0, instance:apichaining.update@31c88ec8]" started-at="2025-06-04T18:50:57 IST" name="modify" finished-at="2025-06-04T18:50:58 IST" duration-ms="1075" status="PASS">
          <params>
            <param index="0">
              <value>
                <![CDATA[org.testng.TestRunner@b3ca52e]]>
              </value>
            </param>
          </params>
          <reporter-output>
          </reporter-output>
        </test-method> <!-- modify -->
      </class> <!-- apichaining.update -->
    </test> <!-- Test -->
  </suite> <!-- Suite -->
</testng-results>
